2023-09-29 22:42:15,587 - Moved C:/Users/laksh/OneDrive/Desktop/MGEA06\Q1 in tut 3.docx to C:/Users/laksh/OneDrive/Desktop/MGEA06\Documents\Q1 in tut 3.docx
2023-09-29 22:42:15,587 - Moved C:/Users/laksh/OneDrive/Desktop/MGEA06\Week 4 - Savings and Investment (Problems).docx to C:/Users/laksh/OneDrive/Desktop/MGEA06\Documents\Week 4 - Savings and Investment (Problems).docx
2023-09-29 22:45:09,546 - Moved C:/Users/laksh/OneDrive/Desktop/Coverletters\Cover Letter - IT Architecture Assistant .docx to C:/Users/laksh/OneDrive/Desktop/Coverletters\Documents\Cover Letter - IT Architecture Assistant .docx
2023-09-29 22:45:09,546 - Moved C:/Users/laksh/OneDrive/Desktop/Coverletters\Cover Letter IESO .docx to C:/Users/laksh/OneDrive/Desktop/Coverletters\Documents\Cover Letter IESO .docx
2023-09-29 22:45:09,549 - Moved C:/Users/laksh/OneDrive/Desktop/Coverletters\Cover Letter Interac.docx to C:/Users/laksh/OneDrive/Desktop/Coverletters\Documents\Cover Letter Interac.docx
2023-09-29 22:45:09,551 - Moved C:/Users/laksh/OneDrive/Desktop/Coverletters\Cover Letter Ministry of Public.docx to C:/Users/laksh/OneDrive/Desktop/Coverletters\Documents\Cover Letter Ministry of Public.docx
2023-09-29 22:45:09,554 - Moved C:/Users/laksh/OneDrive/Desktop/Coverletters\Cover Letter MOE.docx to C:/Users/laksh/OneDrive/Desktop/Coverletters\Documents\Cover Letter MOE.docx
2023-09-29 22:45:09,556 - Moved C:/Users/laksh/OneDrive/Desktop/Coverletters\Cover Letter Pension .docx to C:/Users/laksh/OneDrive/Desktop/Coverletters\Documents\Cover Letter Pension .docx
2023-09-29 22:45:09,558 - Moved C:/Users/laksh/OneDrive/Desktop/Coverletters\Cover Letter Questrade.docx to C:/Users/laksh/OneDrive/Desktop/Coverletters\Documents\Cover Letter Questrade.docx
2023-09-29 22:45:09,560 - Moved C:/Users/laksh/OneDrive/Desktop/Coverletters\Cover letter TBS.docx to C:/Users/laksh/OneDrive/Desktop/Coverletters\Documents\Cover letter TBS.docx
2023-09-29 22:45:09,562 - Moved C:/Users/laksh/OneDrive/Desktop/Coverletters\Cover_letter_UTSC.docx to C:/Users/laksh/OneDrive/Desktop/Coverletters\Documents\Cover_letter_UTSC.docx
2023-09-29 22:45:09,565 - Moved C:/Users/laksh/OneDrive/Desktop/Coverletters\Dear Professor Purva.docx to C:/Users/laksh/OneDrive/Desktop/Coverletters\Documents\Dear Professor Purva.docx
2023-09-29 22:45:09,566 - Moved C:/Users/laksh/OneDrive/Desktop/Coverletters\form.pdf to C:/Users/laksh/OneDrive/Desktop/Coverletters\Documents\form.pdf
2023-09-29 22:45:09,567 - Moved C:/Users/laksh/OneDrive/Desktop/Coverletters\Hydro one -data analyst.docx to C:/Users/laksh/OneDrive/Desktop/Coverletters\Documents\Hydro one -data analyst.docx
2023-09-29 22:45:09,569 - Moved C:/Users/laksh/OneDrive/Desktop/Coverletters\PC financial.docx to C:/Users/laksh/OneDrive/Desktop/Coverletters\Documents\PC financial.docx
2023-09-29 22:45:09,571 - Moved C:/Users/laksh/OneDrive/Desktop/Coverletters\RBC coverletter.docx to C:/Users/laksh/OneDrive/Desktop/Coverletters\Documents\RBC coverletter.docx
2023-09-29 22:45:09,572 - Moved C:/Users/laksh/OneDrive/Desktop/Coverletters\RBC.docx to C:/Users/laksh/OneDrive/Desktop/Coverletters\Documents\RBC.docx
2023-09-29 22:45:09,573 - Moved C:/Users/laksh/OneDrive/Desktop/Coverletters\Resume -Vaibhav Lakshmi Santhanam.pdf to C:/Users/laksh/OneDrive/Desktop/Coverletters\Documents\Resume -Vaibhav Lakshmi Santhanam.pdf
2023-09-29 22:45:09,576 - Moved C:/Users/laksh/OneDrive/Desktop/Coverletters\SPM Lease Application (9).pdf to C:/Users/laksh/OneDrive/Desktop/Coverletters\Documents\SPM Lease Application (9).pdf
2023-09-29 22:45:09,578 - Moved C:/Users/laksh/OneDrive/Desktop/Coverletters\Unofficial transcript.pdf to C:/Users/laksh/OneDrive/Desktop/Coverletters\Documents\Unofficial transcript.pdf
2023-09-29 22:45:09,579 - Moved C:/Users/laksh/OneDrive/Desktop/Coverletters\Vaibhav Lakshmi Santhanam Resume .pdf to C:/Users/laksh/OneDrive/Desktop/Coverletters\Documents\Vaibhav Lakshmi Santhanam Resume .pdf
